2023-06-05 17:29:58[36m [INFO] [0m[info] start http server listening :8000 [main.go:49]	
2023-06-06 10:04:15[36m [INFO] [0m[info] start http server listening :8000 [main.go:49]	
2023-06-06 10:04:37[36m [INFO] [0m[info] start http server listening :8000 [main.go:49]	
2023-06-06 10:17:09[36m [INFO] [0m[info] start http server listening :8000 [main.go:49]	
2023-06-06 10:39:57[36m [INFO] [0m[info] start http server listening :8000 [main.go:49]	
2023-06-06 10:40:55[36m [INFO] [0m[info] start http server listening :8000 [main.go:49]	
2023-06-06 10:42:08[36m [INFO] [0m[info] start http server listening :8000 [main.go:49]	
2023-06-06 10:42:24[36m [INFO] [0m[info] start http server listening :8000 [main.go:49]	
2023-06-06 10:42:54[36m [INFO] [0m[info] start http server listening :8000 [main.go:49]	
2023-06-06 11:27:32[36m [INFO] [0m[info] start http server listening :8000 [main.go:49]	
2023-06-06 11:27:42[36m [INFO] [0mUsername.RequiredCan not be empty [request.go:11]	
2023-06-06 11:27:42[36m [INFO] [0mPassword.RequiredCan not be empty [request.go:11]	
2023-06-06 11:29:15[36m [INFO] [0m[info] start http server listening :8000 [main.go:49]	
2023-06-06 11:36:32[36m [INFO] [0mUsername.RequiredCan not be empty [request.go:11]	
2023-06-06 11:36:32[36m [INFO] [0mPassword.RequiredCan not be empty [request.go:11]	
2023-06-06 11:36:33[36m [INFO] [0mUsername.RequiredCan not be empty [request.go:11]	
2023-06-06 11:36:33[36m [INFO] [0mPassword.RequiredCan not be empty [request.go:11]	
2023-06-06 13:33:49[36m [INFO] [0m[info] start http server listening :8000 [main.go:49]	
2023-06-06 14:28:57[36m [INFO] [0m[info] start http server listening :8000 [main.go:49]	
2023-06-09 11:45:32[36m [INFO] [0m[info] start http server listening :8000 [main.go:49]	
2023-06-09 13:49:05[36m [INFO] [0m[info] start http server listening :8000 [main.go:49]	
2023-06-09 16:14:33[36m [INFO] [0m[info] start http server listening :8000 [main.go:49]	
2023-06-12 10:15:03[36m [INFO] [0m[info] start http server listening :8000 [main.go:49]	
2023-06-12 16:15:47[36m [INFO] [0m[info] start http server listening :8000 [main.go:49]	
2023-06-12 16:38:29[36m [INFO] [0m[info] start http server listening :8000 [main.go:49]	
2023-06-12 16:39:13[36m [INFO] [0m[info] start http server listening :8000 [main.go:49]	
2023-06-12 16:41:45[36m [INFO] [0m[info] start http server listening :8000 [main.go:49]	
2023-06-12 16:43:26[36m [INFO] [0m[info] start http server listening :8000 [main.go:49]	
2023-06-12 16:46:08[36m [INFO] [0m[info] start http server listening :8000 [main.go:49]	
2023-06-12 16:55:25[36m [INFO] [0m[info] start http server listening :8000 [main.go:49]	
2023-06-12 17:09:06[36m [INFO] [0m[info] start http server listening :8000 [main.go:49]	
2023-06-25 15:25:25[36m [INFO] [0må¼€å§‹åˆå§‹åŒ–rabbitmq [rabbitmq.go:22]	
2023-06-25 15:25:28[31m [FATA] [0måˆå§‹åŒ–rabbitmqå¤±è´¥, err: failed to connect to RabbitMQ, err: dial tcp [::1]:5672: connectex: No connection could be made because the target machine actively refused it. [rabbitmq.go:26]	
2023-06-25 15:36:10[36m [INFO] [0må¼€å§‹åˆå§‹åŒ–rabbitmq [rabbitmq.go:22]	
2023-06-25 15:36:13[31m [FATA] [0måˆå§‹åŒ–rabbitmqå¤±è´¥, err: failed to connect to RabbitMQ, err: dial tcp [::1]:5672: connectex: No connection could be made because the target machine actively refused it. [rabbitmq.go:26]	
2023-06-25 15:36:15[36m [INFO] [0må¼€å§‹åˆå§‹åŒ–rabbitmq [rabbitmq.go:22]	
2023-06-25 15:36:17[31m [FATA] [0måˆå§‹åŒ–rabbitmqå¤±è´¥, err: failed to connect to RabbitMQ, err: dial tcp [::1]:5672: connectex: No connection could be made because the target machine actively refused it. [rabbitmq.go:26]	
2023-06-25 15:36:45[36m [INFO] [0må¼€å§‹åˆå§‹åŒ–rabbitmq [rabbitmq.go:22]	
2023-06-25 15:36:48[31m [FATA] [0måˆå§‹åŒ–rabbitmqå¤±è´¥, err: failed to connect to RabbitMQ, err: dial tcp [::1]:5672: connectex: No connection could be made because the target machine actively refused it. [rabbitmq.go:26]	
2023-06-25 15:36:49[36m [INFO] [0må¼€å§‹åˆå§‹åŒ–rabbitmq [rabbitmq.go:22]	
2023-06-25 15:36:49[36m [INFO] [0måˆå§‹åŒ–rabbitmqæˆåŠŸ [rabbitmq.go:29]	
2023-06-25 15:36:49[36m [INFO] [0m[info] start http server listening :8000 [main.go:51]	
2023-06-25 15:43:33[36m [INFO] [0må¼€å§‹åˆå§‹åŒ–rabbitmq [rabbitmq.go:22]	
2023-06-25 15:43:33[36m [INFO] [0måˆå§‹åŒ–rabbitmqæˆåŠŸ [rabbitmq.go:29]	
2023-06-25 15:43:33[36m [INFO] [0m[info] start http server listening :8000 [main.go:51]	
2023-06-25 15:48:27[36m [INFO] [0må¼€å§‹åˆå§‹åŒ–rabbitmq [rabbitmq.go:22]	
2023-06-25 15:48:27[36m [INFO] [0måˆå§‹åŒ–rabbitmqæˆåŠŸ [rabbitmq.go:29]	
2023-06-25 15:48:27[36m [INFO] [0m[info] start http server listening :8000 [main.go:51]	
2023-06-25 15:48:35[31m [ERRO] [0mè§£æå‚æ•°å¤±è´¥: err: Key: 'ChargeCtrlParam.BillCode' Error:Field validation for 'BillCode' failed on the 'numeric' tag [ctrl.go:25]	
2023-06-25 15:49:17[36m [INFO] [0må¼€å§‹åˆå§‹åŒ–rabbitmq [rabbitmq.go:22]	
2023-06-25 15:49:17[36m [INFO] [0måˆå§‹åŒ–rabbitmqæˆåŠŸ [rabbitmq.go:29]	
2023-06-25 15:49:17[36m [INFO] [0m[info] start http server listening :8000 [main.go:51]	
2023-06-25 15:50:35[36m [INFO] [0må¼€å§‹åˆå§‹åŒ–rabbitmq [rabbitmq.go:22]	
2023-06-25 15:50:35[36m [INFO] [0måˆå§‹åŒ–rabbitmqæˆåŠŸ [rabbitmq.go:29]	
2023-06-25 15:50:35[36m [INFO] [0m[info] start http server listening :8000 [main.go:51]	
2023-06-25 15:51:17[36m [INFO] [0må¼€å§‹åˆå§‹åŒ–rabbitmq [rabbitmq.go:22]	
2023-06-25 15:51:18[36m [INFO] [0måˆå§‹åŒ–rabbitmqæˆåŠŸ [rabbitmq.go:29]	
2023-06-25 15:51:18[36m [INFO] [0m[info] start http server listening :8000 [main.go:51]	
2023-06-25 15:54:36[36m [INFO] [0må¼€å§‹åˆå§‹åŒ–rabbitmq [rabbitmq.go:22]	
2023-06-25 15:54:40[36m [INFO] [0måˆå§‹åŒ–rabbitmqæˆåŠŸ [rabbitmq.go:29]	
2023-06-25 15:54:40[36m [INFO] [0m[info] start http server listening :8000 [main.go:51]	
2023-06-25 15:55:54[36m [INFO] [0må¼€å§‹åˆå§‹åŒ–rabbitmq [rabbitmq.go:22]	
2023-06-25 15:55:54[36m [INFO] [0måˆå§‹åŒ–rabbitmqæˆåŠŸ [rabbitmq.go:29]	
2023-06-25 15:55:54[36m [INFO] [0m[info] start http server listening :8000 [main.go:51]	
2023-06-25 16:01:05[36m [INFO] [0må¼€å§‹åˆå§‹åŒ–rabbitmq [rabbitmq.go:22]	
2023-06-25 16:01:05[36m [INFO] [0måˆå§‹åŒ–rabbitmqæˆåŠŸ [rabbitmq.go:29]	
2023-06-25 16:01:05[36m [INFO] [0m[info] start http server listening :8000 [main.go:51]	
2023-06-25 16:01:08[31m [ERRO] [0mè·å–[1101011118402]redisçŠ¶æ€ä¿¡æ¯å¤±è´¥, err: è¯·æ±‚çš„ç¬¬0ä¸ªå€¼ä¸å­˜åœ¨ [charge_ctrl_service.go:35]	
2023-06-25 16:04:47[36m [INFO] [0må¼€å§‹åˆå§‹åŒ–rabbitmq [rabbitmq.go:22]	
2023-06-25 16:04:47[36m [INFO] [0måˆå§‹åŒ–rabbitmqæˆåŠŸ [rabbitmq.go:29]	
2023-06-25 16:04:47[36m [INFO] [0m[info] start http server listening :8000 [main.go:51]	
2023-06-25 16:04:52[31m [ERRO] [0mè·å–[StateInfo18211010111184]redisçŠ¶æ€ä¿¡æ¯å¤±è´¥, err: è¯·æ±‚çš„ç¬¬0ä¸ªå€¼ä¸å­˜åœ¨ [charge_ctrl_service.go:35]	
2023-06-25 16:05:47[36m [INFO] [0må¼€å§‹åˆå§‹åŒ–rabbitmq [rabbitmq.go:22]	
2023-06-25 16:05:47[36m [INFO] [0måˆå§‹åŒ–rabbitmqæˆåŠŸ [rabbitmq.go:29]	
2023-06-25 16:05:47[36m [INFO] [0m[info] start http server listening :8000 [main.go:51]	
2023-06-25 16:07:27[36m [INFO] [0må¼€å§‹åˆå§‹åŒ–rabbitmq [rabbitmq.go:22]	
2023-06-25 16:07:27[36m [INFO] [0måˆå§‹åŒ–rabbitmqæˆåŠŸ [rabbitmq.go:29]	
2023-06-25 16:07:27[36m [INFO] [0m[info] start http server listening :8000 [main.go:51]	
2023-06-25 16:07:32[36m [INFO] [0m[11010111184]æ“ä½œç±»å‹å’Œå½“å‰çŠ¶æ€ä¸åŒ¹é… [charge_ctrl_service.go:48]	
2023-06-25 16:08:19[36m [INFO] [0mStartChargeCmdReq CanIndex:182 Type:ImmediatelyCharge BillCode:"202306251608190160" Strategy:<BeginTime:<Time:1687622400000 > EndTime:<Time:1687629600000 > kWhPrice:0.56 ServicePrice:0.62 > Strategy:<BeginTime:<Time:1687629600000 > EndTime:<Time:1687636800000 > kWhPrice:0.56 ServicePrice:0.62 > Strategy:<BeginTime:<Time:1687636800000 > EndTime:<Time:1687644000000 > kWhPrice:0.56 ServicePrice:0.62 > Strategy:<BeginTime:<Time:1687644000000 > EndTime:<Time:1687651200000 > kWhPrice:0.56 ServicePrice:0.62 > Strategy:<BeginTime:<Time:1687651200000 > EndTime:<Time:1687658400000 > kWhPrice:0.56 ServicePrice:0.62 > Strategy:<BeginTime:<Time:1687658400000 > EndTime:<Time:1687665600000 > kWhPrice:0.56 ServicePrice:0.62 > Strategy:<BeginTime:<Time:1687665600000 > EndTime:<Time:1687672800000 > kWhPrice:0.56 ServicePrice:0.62 > Strategy:<BeginTime:<Time:1687672800000 > EndTime:<Time:1687680000000 > kWhPrice:0.56 ServicePrice:0.62 > Strategy:<BeginTime:<Time:1687680000000 > EndTime:<Time:1687687200000 > kWhPrice:0.56 ServicePrice:0.62 > Strategy:<BeginTime:<Time:1687687200000 > EndTime:<Time:1687694400000 > kWhPrice:0.56 ServicePrice:0.62 > Strategy:<BeginTime:<Time:1687694400000 > EndTime:<Time:1687701600000 > kWhPrice:0.56 ServicePrice:0.62 > Strategy:<BeginTime:<Time:1687701600000 > EndTime:<Time:1687708800000 > kWhPrice:0.56 ServicePrice:0.62 > StartWay:1  [send_start_chagre.go:32]	
2023-06-25 16:11:20[31m [ERRO] [0mè§£æå‚æ•°å¤±è´¥: err: Key: 'ChargeCtrlParam.OperationType' Error:Field validation for 'OperationType' failed on the 'lte' tag [ctrl.go:25]	
2023-06-25 16:11:56[36m [INFO] [0må¼€å§‹åˆå§‹åŒ–rabbitmq [rabbitmq.go:22]	
2023-06-25 16:11:56[36m [INFO] [0måˆå§‹åŒ–rabbitmqæˆåŠŸ [rabbitmq.go:29]	
2023-06-25 16:11:56[36m [INFO] [0m[info] start http server listening :8000 [main.go:51]	
2023-06-25 16:11:59[36m [INFO] [0m[110101111NR]æ“ä½œç±»å‹å’Œå½“å‰çŠ¶æ€ä¸åŒ¹é… [charge_ctrl_service.go:48]	
2023-06-25 16:17:31[36m [INFO] [0mStartChargeCmdReq CanIndex:182 Type:ImmediatelyCharge BillCode:"202306251617310249" Strategy:<BeginTime:<Time:1687622400000 > EndTime:<Time:1687629600000 > kWhPrice:0.56 ServicePrice:0.62 > Strategy:<BeginTime:<Time:1687629600000 > EndTime:<Time:1687636800000 > kWhPrice:0.56 ServicePrice:0.62 > Strategy:<BeginTime:<Time:1687636800000 > EndTime:<Time:1687644000000 > kWhPrice:0.56 ServicePrice:0.62 > Strategy:<BeginTime:<Time:1687644000000 > EndTime:<Time:1687651200000 > kWhPrice:0.56 ServicePrice:0.62 > Strategy:<BeginTime:<Time:1687651200000 > EndTime:<Time:1687658400000 > kWhPrice:0.56 ServicePrice:0.62 > Strategy:<BeginTime:<Time:1687658400000 > EndTime:<Time:1687665600000 > kWhPrice:0.56 ServicePrice:0.62 > Strategy:<BeginTime:<Time:1687665600000 > EndTime:<Time:1687672800000 > kWhPrice:0.56 ServicePrice:0.62 > Strategy:<BeginTime:<Time:1687672800000 > EndTime:<Time:1687680000000 > kWhPrice:0.56 ServicePrice:0.62 > Strategy:<BeginTime:<Time:1687680000000 > EndTime:<Time:1687687200000 > kWhPrice:0.56 ServicePrice:0.62 > Strategy:<BeginTime:<Time:1687687200000 > EndTime:<Time:1687694400000 > kWhPrice:0.56 ServicePrice:0.62 > Strategy:<BeginTime:<Time:1687694400000 > EndTime:<Time:1687701600000 > kWhPrice:0.56 ServicePrice:0.62 > Strategy:<BeginTime:<Time:1687701600000 > EndTime:<Time:1687708800000 > kWhPrice:0.56 ServicePrice:0.62 > StartWay:1  [send_start_chagre.go:32]	
2023-06-25 16:18:43[36m [INFO] [0må¼€å§‹åˆå§‹åŒ–rabbitmq [rabbitmq.go:22]	
2023-06-25 16:18:43[36m [INFO] [0måˆå§‹åŒ–rabbitmqæˆåŠŸ [rabbitmq.go:29]	
2023-06-25 16:18:43[36m [INFO] [0m[info] start http server listening :8000 [main.go:51]	
2023-06-25 16:27:44[36m [INFO] [0mStartChargeCmdReq CanIndex:182 Type:ImmediatelyCharge BillCode:"202306251627440323" Strategy:<BeginTime:<Time:1687622400000 > EndTime:<Time:1687629600000 > kWhPrice:0.23 ServicePrice:0.22 > Strategy:<BeginTime:<Time:1687629600000 > EndTime:<Time:1687636800000 > kWhPrice:0.23 ServicePrice:0.22 > Strategy:<BeginTime:<Time:1687636800000 > EndTime:<Time:1687644000000 > kWhPrice:0.23 ServicePrice:0.22 > Strategy:<BeginTime:<Time:1687644000000 > EndTime:<Time:1687651200000 > kWhPrice:0.23 ServicePrice:0.22 > Strategy:<BeginTime:<Time:1687651200000 > EndTime:<Time:1687658400000 > kWhPrice:0.23 ServicePrice:0.22 > Strategy:<BeginTime:<Time:1687658400000 > EndTime:<Time:1687665600000 > kWhPrice:0.23 ServicePrice:0.22 > Strategy:<BeginTime:<Time:1687665600000 > EndTime:<Time:1687672800000 > kWhPrice:0.23 ServicePrice:0.22 > Strategy:<BeginTime:<Time:1687672800000 > EndTime:<Time:1687680000000 > kWhPrice:0.23 ServicePrice:0.22 > Strategy:<BeginTime:<Time:1687680000000 > EndTime:<Time:1687687200000 > kWhPrice:0.23 ServicePrice:0.22 > Strategy:<BeginTime:<Time:1687687200000 > EndTime:<Time:1687694400000 > kWhPrice:0.23 ServicePrice:0.22 > Strategy:<BeginTime:<Time:1687694400000 > EndTime:<Time:1687701600000 > kWhPrice:0.23 ServicePrice:0.22 > Strategy:<BeginTime:<Time:1687701600000 > EndTime:<Time:1687708800000 > kWhPrice:0.23 ServicePrice:0.22 > StartWay:1  [send_start_chagre.go:32]	
2023-06-25 16:49:43[36m [INFO] [0må¼€å§‹åˆå§‹åŒ–rabbitmq [rabbitmq.go:22]	
2023-06-25 16:49:43[36m [INFO] [0måˆå§‹åŒ–rabbitmqæˆåŠŸ [rabbitmq.go:29]	
2023-06-25 16:49:43[36m [INFO] [0m[info] start http server listening :8000 [main.go:51]	
2023-06-25 17:26:02[36m [INFO] [0mStartChargeCmdReq CanIndex:182 Type:ImmediatelyCharge BillCode:"202306251726020878" Strategy:<BeginTime:<Time:1687622400000 > EndTime:<Time:1687629600000 > kWhPrice:0.33 ServicePrice:0.34 > Strategy:<BeginTime:<Time:1687629600000 > EndTime:<Time:1687636800000 > kWhPrice:0.33 ServicePrice:0.34 > Strategy:<BeginTime:<Time:1687636800000 > EndTime:<Time:1687644000000 > kWhPrice:0.33 ServicePrice:0.34 > Strategy:<BeginTime:<Time:1687644000000 > EndTime:<Time:1687651200000 > kWhPrice:0.33 ServicePrice:0.34 > Strategy:<BeginTime:<Time:1687651200000 > EndTime:<Time:1687658400000 > kWhPrice:0.33 ServicePrice:0.34 > Strategy:<BeginTime:<Time:1687658400000 > EndTime:<Time:1687665600000 > kWhPrice:0.33 ServicePrice:0.34 > Strategy:<BeginTime:<Time:1687665600000 > EndTime:<Time:1687672800000 > kWhPrice:0.33 ServicePrice:0.34 > Strategy:<BeginTime:<Time:1687672800000 > EndTime:<Time:1687680000000 > kWhPrice:0.33 ServicePrice:0.34 > Strategy:<BeginTime:<Time:1687680000000 > EndTime:<Time:1687687200000 > kWhPrice:0.33 ServicePrice:0.34 > Strategy:<BeginTime:<Time:1687687200000 > EndTime:<Time:1687694400000 > kWhPrice:0.33 ServicePrice:0.34 > Strategy:<BeginTime:<Time:1687694400000 > EndTime:<Time:1687701600000 > kWhPrice:0.33 ServicePrice:0.34 > Strategy:<BeginTime:<Time:1687701600000 > EndTime:<Time:1687708800000 > kWhPrice:0.33 ServicePrice:0.34 > StartWay:1  [send_start_chagre.go:32]	
2023-06-25 17:26:17[31m [ERRO] [0mè§£æå‚æ•°å¤±è´¥: err: Key: 'ChargeCtrlParam.OperationType' Error:Field validation for 'OperationType' failed on the 'lte' tag [ctrl.go:25]	
2023-06-25 17:26:36[36m [INFO] [0m[110101111MR]æ“ä½œç±»å‹å’Œå½“å‰çŠ¶æ€ä¸åŒ¹é… [charge_ctrl_service.go:48]	
2023-06-25 17:26:43[36m [INFO] [0mStartChargeCmdReq CanIndex:182 Type:ImmediatelyCharge BillCode:"202306251726430724" Strategy:<BeginTime:<Time:1687622400000 > EndTime:<Time:1687629600000 > kWhPrice:0.56 ServicePrice:0.62 > Strategy:<BeginTime:<Time:1687629600000 > EndTime:<Time:1687636800000 > kWhPrice:0.56 ServicePrice:0.62 > Strategy:<BeginTime:<Time:1687636800000 > EndTime:<Time:1687644000000 > kWhPrice:0.56 ServicePrice:0.62 > Strategy:<BeginTime:<Time:1687644000000 > EndTime:<Time:1687651200000 > kWhPrice:0.56 ServicePrice:0.62 > Strategy:<BeginTime:<Time:1687651200000 > EndTime:<Time:1687658400000 > kWhPrice:0.56 ServicePrice:0.62 > Strategy:<BeginTime:<Time:1687658400000 > EndTime:<Time:1687665600000 > kWhPrice:0.56 ServicePrice:0.62 > Strategy:<BeginTime:<Time:1687665600000 > EndTime:<Time:1687672800000 > kWhPrice:0.56 ServicePrice:0.62 > Strategy:<BeginTime:<Time:1687672800000 > EndTime:<Time:1687680000000 > kWhPrice:0.56 ServicePrice:0.62 > Strategy:<BeginTime:<Time:1687680000000 > EndTime:<Time:1687687200000 > kWhPrice:0.56 ServicePrice:0.62 > Strategy:<BeginTime:<Time:1687687200000 > EndTime:<Time:1687694400000 > kWhPrice:0.56 ServicePrice:0.62 > Strategy:<BeginTime:<Time:1687694400000 > EndTime:<Time:1687701600000 > kWhPrice:0.56 ServicePrice:0.62 > Strategy:<BeginTime:<Time:1687701600000 > EndTime:<Time:1687708800000 > kWhPrice:0.56 ServicePrice:0.62 > StartWay:1  [send_start_chagre.go:32]	
2023-06-25 17:37:13[36m [INFO] [0må¼€å§‹åˆå§‹åŒ–rabbitmq [rabbitmq.go:22]	
2023-06-25 17:37:13[36m [INFO] [0måˆå§‹åŒ–rabbitmqæˆåŠŸ [rabbitmq.go:29]	
2023-06-25 17:37:13[36m [INFO] [0m[info] start http server listening :8000 [main.go:51]	
2023-06-25 17:37:34[36m [INFO] [0mä¸‹å‘StartChargeCmdReqè‡³mq CanIndex:182 Type:ImmediatelyCharge BillCode:"202306251737340183" Strategy:<BeginTime:<Time:1687622400000 > EndTime:<Time:1687629600000 > kWhPrice:0.76 ServicePrice:0.12 > Strategy:<BeginTime:<Time:1687629600000 > EndTime:<Time:1687636800000 > kWhPrice:0.76 ServicePrice:0.12 > Strategy:<BeginTime:<Time:1687636800000 > EndTime:<Time:1687644000000 > kWhPrice:0.76 ServicePrice:0.12 > Strategy:<BeginTime:<Time:1687644000000 > EndTime:<Time:1687651200000 > kWhPrice:0.76 ServicePrice:0.12 > Strategy:<BeginTime:<Time:1687651200000 > EndTime:<Time:1687658400000 > kWhPrice:0.76 ServicePrice:0.12 > Strategy:<BeginTime:<Time:1687658400000 > EndTime:<Time:1687665600000 > kWhPrice:0.76 ServicePrice:0.12 > Strategy:<BeginTime:<Time:1687665600000 > EndTime:<Time:1687672800000 > kWhPrice:0.76 ServicePrice:0.12 > Strategy:<BeginTime:<Time:1687672800000 > EndTime:<Time:1687680000000 > kWhPrice:0.76 ServicePrice:0.12 > Strategy:<BeginTime:<Time:1687680000000 > EndTime:<Time:1687687200000 > kWhPrice:0.76 ServicePrice:0.12 > Strategy:<BeginTime:<Time:1687687200000 > EndTime:<Time:1687694400000 > kWhPrice:0.76 ServicePrice:0.12 > Strategy:<BeginTime:<Time:1687694400000 > EndTime:<Time:1687701600000 > kWhPrice:0.76 ServicePrice:0.12 > Strategy:<BeginTime:<Time:1687701600000 > EndTime:<Time:1687708800000 > kWhPrice:0.76 ServicePrice:0.12 > StartWay:1  [send_start_chagre.go:32]	
2023-06-25 17:37:50[36m [INFO] [0må¼€å§‹åˆå§‹åŒ–rabbitmq [rabbitmq.go:22]	
2023-06-25 17:37:50[36m [INFO] [0måˆå§‹åŒ–rabbitmqæˆåŠŸ [rabbitmq.go:29]	
2023-06-25 17:37:50[36m [INFO] [0m[info] start http server listening :8000 [main.go:51]	
2023-06-25 17:37:55[36m [INFO] [0mä¸‹å‘StartChargeCmdReqè‡³mq CanIndex:182 Type:ImmediatelyCharge BillCode:"202306251737550034" Strategy:<BeginTime:<Time:1687622400000 > EndTime:<Time:1687629600000 > kWhPrice:0.56 ServicePrice:0.62 > Strategy:<BeginTime:<Time:1687629600000 > EndTime:<Time:1687636800000 > kWhPrice:0.56 ServicePrice:0.62 > Strategy:<BeginTime:<Time:1687636800000 > EndTime:<Time:1687644000000 > kWhPrice:0.56 ServicePrice:0.62 > Strategy:<BeginTime:<Time:1687644000000 > EndTime:<Time:1687651200000 > kWhPrice:0.56 ServicePrice:0.62 > Strategy:<BeginTime:<Time:1687651200000 > EndTime:<Time:1687658400000 > kWhPrice:0.56 ServicePrice:0.62 > Strategy:<BeginTime:<Time:1687658400000 > EndTime:<Time:1687665600000 > kWhPrice:0.56 ServicePrice:0.62 > Strategy:<BeginTime:<Time:1687665600000 > EndTime:<Time:1687672800000 > kWhPrice:0.56 ServicePrice:0.62 > Strategy:<BeginTime:<Time:1687672800000 > EndTime:<Time:1687680000000 > kWhPrice:0.56 ServicePrice:0.62 > Strategy:<BeginTime:<Time:1687680000000 > EndTime:<Time:1687687200000 > kWhPrice:0.56 ServicePrice:0.62 > Strategy:<BeginTime:<Time:1687687200000 > EndTime:<Time:1687694400000 > kWhPrice:0.56 ServicePrice:0.62 > Strategy:<BeginTime:<Time:1687694400000 > EndTime:<Time:1687701600000 > kWhPrice:0.56 ServicePrice:0.62 > Strategy:<BeginTime:<Time:1687701600000 > EndTime:<Time:1687708800000 > kWhPrice:0.56 ServicePrice:0.62 > StartWay:1  [send_start_chagre.go:32]	
2023-06-25 17:38:51[36m [INFO] [0må¼€å§‹åˆå§‹åŒ–rabbitmq [rabbitmq.go:22]	
2023-06-25 17:38:51[36m [INFO] [0måˆå§‹åŒ–rabbitmqæˆåŠŸ [rabbitmq.go:29]	
2023-06-25 17:38:51[36m [INFO] [0m[info] start http server listening :8000 [main.go:51]	
2023-06-25 17:39:08[36m [INFO] [0mä¸‹å‘StartChargeCmdReq[110101111MR]è‡³mq CanIndex:182 Type:ImmediatelyCharge BillCode:"202306251739080222" Strategy:<BeginTime:<Time:1687622400000 > EndTime:<Time:1687629600000 > kWhPrice:0.76 ServicePrice:0.12 > Strategy:<BeginTime:<Time:1687629600000 > EndTime:<Time:1687636800000 > kWhPrice:0.76 ServicePrice:0.12 > Strategy:<BeginTime:<Time:1687636800000 > EndTime:<Time:1687644000000 > kWhPrice:0.76 ServicePrice:0.12 > Strategy:<BeginTime:<Time:1687644000000 > EndTime:<Time:1687651200000 > kWhPrice:0.76 ServicePrice:0.12 > Strategy:<BeginTime:<Time:1687651200000 > EndTime:<Time:1687658400000 > kWhPrice:0.76 ServicePrice:0.12 > Strategy:<BeginTime:<Time:1687658400000 > EndTime:<Time:1687665600000 > kWhPrice:0.76 ServicePrice:0.12 > Strategy:<BeginTime:<Time:1687665600000 > EndTime:<Time:1687672800000 > kWhPrice:0.76 ServicePrice:0.12 > Strategy:<BeginTime:<Time:1687672800000 > EndTime:<Time:1687680000000 > kWhPrice:0.76 ServicePrice:0.12 > Strategy:<BeginTime:<Time:1687680000000 > EndTime:<Time:1687687200000 > kWhPrice:0.76 ServicePrice:0.12 > Strategy:<BeginTime:<Time:1687687200000 > EndTime:<Time:1687694400000 > kWhPrice:0.76 ServicePrice:0.12 > Strategy:<BeginTime:<Time:1687694400000 > EndTime:<Time:1687701600000 > kWhPrice:0.76 ServicePrice:0.12 > Strategy:<BeginTime:<Time:1687701600000 > EndTime:<Time:1687708800000 > kWhPrice:0.76 ServicePrice:0.12 > StartWay:1  [send_start_chagre.go:32]	
2023-06-25 17:41:33[36m [INFO] [0må¼€å§‹åˆå§‹åŒ–rabbitmq [rabbitmq.go:22]	
2023-06-25 17:41:34[36m [INFO] [0måˆå§‹åŒ–rabbitmqæˆåŠŸ [rabbitmq.go:29]	
2023-06-25 17:41:34[36m [INFO] [0m[info] start http server listening :8000 [main.go:51]	
2023-06-25 17:41:37[36m [INFO] [0mä¸‹å‘StartChargeCmdReq[110101111MR]è‡³mq CanIndex:182 Type:ImmediatelyCharge BillCode:"202306251741370215" Strategy:<BeginTime:<Time:1687622400000 > EndTime:<Time:1687629600000 > kWhPrice:0.33 ServicePrice:0.34 > Strategy:<BeginTime:<Time:1687629600000 > EndTime:<Time:1687636800000 > kWhPrice:0.33 ServicePrice:0.34 > Strategy:<BeginTime:<Time:1687636800000 > EndTime:<Time:1687644000000 > kWhPrice:0.33 ServicePrice:0.34 > Strategy:<BeginTime:<Time:1687644000000 > EndTime:<Time:1687651200000 > kWhPrice:0.33 ServicePrice:0.34 > Strategy:<BeginTime:<Time:1687651200000 > EndTime:<Time:1687658400000 > kWhPrice:0.33 ServicePrice:0.34 > Strategy:<BeginTime:<Time:1687658400000 > EndTime:<Time:1687665600000 > kWhPrice:0.33 ServicePrice:0.34 > Strategy:<BeginTime:<Time:1687665600000 > EndTime:<Time:1687672800000 > kWhPrice:0.33 ServicePrice:0.34 > Strategy:<BeginTime:<Time:1687672800000 > EndTime:<Time:1687680000000 > kWhPrice:0.33 ServicePrice:0.34 > Strategy:<BeginTime:<Time:1687680000000 > EndTime:<Time:1687687200000 > kWhPrice:0.33 ServicePrice:0.34 > Strategy:<BeginTime:<Time:1687687200000 > EndTime:<Time:1687694400000 > kWhPrice:0.33 ServicePrice:0.34 > Strategy:<BeginTime:<Time:1687694400000 > EndTime:<Time:1687701600000 > kWhPrice:0.33 ServicePrice:0.34 > Strategy:<BeginTime:<Time:1687701600000 > EndTime:<Time:1687708800000 > kWhPrice:0.33 ServicePrice:0.34 > StartWay:1  [send_start_chagre.go:32]	
2023-06-25 17:42:58[31m [ERRO] [0må‘é€å¯åŠ¨æŒ‡ä»¤åˆ°mqå¤±è´¥, å‘é€æ¶ˆæ¯è‡³mqå¤±è´¥, err: Exception (504) Reason: "channel/connection is not open" [charge_ctrl_service.go:62]	
2023-06-25 17:43:20[36m [INFO] [0må¼€å§‹åˆå§‹åŒ–rabbitmq [rabbitmq.go:22]	
2023-06-25 17:43:20[36m [INFO] [0måˆå§‹åŒ–rabbitmqæˆåŠŸ [rabbitmq.go:29]	
2023-06-25 17:43:20[36m [INFO] [0m[info] start http server listening :8000 [main.go:51]	
2023-06-25 17:43:24[36m [INFO] [0mä¸‹å‘StartChargeCmdReq[110101111MR]è‡³mq CanIndex:182 Type:ImmediatelyCharge BillCode:"202306251743240928" Strategy:<BeginTime:<Time:1687622400000 > EndTime:<Time:1687629600000 > kWhPrice:0.23 ServicePrice:0.22 > Strategy:<BeginTime:<Time:1687629600000 > EndTime:<Time:1687636800000 > kWhPrice:0.23 ServicePrice:0.22 > Strategy:<BeginTime:<Time:1687636800000 > EndTime:<Time:1687644000000 > kWhPrice:0.23 ServicePrice:0.22 > Strategy:<BeginTime:<Time:1687644000000 > EndTime:<Time:1687651200000 > kWhPrice:0.23 ServicePrice:0.22 > Strategy:<BeginTime:<Time:1687651200000 > EndTime:<Time:1687658400000 > kWhPrice:0.23 ServicePrice:0.22 > Strategy:<BeginTime:<Time:1687658400000 > EndTime:<Time:1687665600000 > kWhPrice:0.23 ServicePrice:0.22 > Strategy:<BeginTime:<Time:1687665600000 > EndTime:<Time:1687672800000 > kWhPrice:0.23 ServicePrice:0.22 > Strategy:<BeginTime:<Time:1687672800000 > EndTime:<Time:1687680000000 > kWhPrice:0.23 ServicePrice:0.22 > Strategy:<BeginTime:<Time:1687680000000 > EndTime:<Time:1687687200000 > kWhPrice:0.23 ServicePrice:0.22 > Strategy:<BeginTime:<Time:1687687200000 > EndTime:<Time:1687694400000 > kWhPrice:0.23 ServicePrice:0.22 > Strategy:<BeginTime:<Time:1687694400000 > EndTime:<Time:1687701600000 > kWhPrice:0.23 ServicePrice:0.22 > Strategy:<BeginTime:<Time:1687701600000 > EndTime:<Time:1687708800000 > kWhPrice:0.23 ServicePrice:0.22 > StartWay:1  [send_start_chagre.go:32]	
2023-06-25 17:44:28[36m [INFO] [0må¼€å§‹åˆå§‹åŒ–rabbitmq [rabbitmq.go:22]	
2023-06-25 17:44:28[36m [INFO] [0måˆå§‹åŒ–rabbitmqæˆåŠŸ [rabbitmq.go:29]	
2023-06-25 17:44:28[36m [INFO] [0m[info] start http server listening :8000 [main.go:51]	
2023-06-25 17:44:32[36m [INFO] [0mä¸‹å‘StartChargeCmdReq[110101111MR]è‡³mq CanIndex:182 Type:ImmediatelyCharge BillCode:"202306251744320935" Strategy:<BeginTime:<Time:1687622400000 > EndTime:<Time:1687629600000 > kWhPrice:0.33 ServicePrice:0.34 > Strategy:<BeginTime:<Time:1687629600000 > EndTime:<Time:1687636800000 > kWhPrice:0.33 ServicePrice:0.34 > Strategy:<BeginTime:<Time:1687636800000 > EndTime:<Time:1687644000000 > kWhPrice:0.33 ServicePrice:0.34 > Strategy:<BeginTime:<Time:1687644000000 > EndTime:<Time:1687651200000 > kWhPrice:0.33 ServicePrice:0.34 > Strategy:<BeginTime:<Time:1687651200000 > EndTime:<Time:1687658400000 > kWhPrice:0.33 ServicePrice:0.34 > Strategy:<BeginTime:<Time:1687658400000 > EndTime:<Time:1687665600000 > kWhPrice:0.33 ServicePrice:0.34 > Strategy:<BeginTime:<Time:1687665600000 > EndTime:<Time:1687672800000 > kWhPrice:0.33 ServicePrice:0.34 > Strategy:<BeginTime:<Time:1687672800000 > EndTime:<Time:1687680000000 > kWhPrice:0.33 ServicePrice:0.34 > Strategy:<BeginTime:<Time:1687680000000 > EndTime:<Time:1687687200000 > kWhPrice:0.33 ServicePrice:0.34 > Strategy:<BeginTime:<Time:1687687200000 > EndTime:<Time:1687694400000 > kWhPrice:0.33 ServicePrice:0.34 > Strategy:<BeginTime:<Time:1687694400000 > EndTime:<Time:1687701600000 > kWhPrice:0.33 ServicePrice:0.34 > Strategy:<BeginTime:<Time:1687701600000 > EndTime:<Time:1687708800000 > kWhPrice:0.33 ServicePrice:0.34 > StartWay:1  [send_start_chagre.go:32]	
2023-06-25 17:45:49[36m [INFO] [0må¼€å§‹åˆå§‹åŒ–rabbitmq [rabbitmq.go:22]	
2023-06-25 17:45:49[36m [INFO] [0måˆå§‹åŒ–rabbitmqæˆåŠŸ [rabbitmq.go:29]	
2023-06-25 17:45:49[36m [INFO] [0m[info] start http server listening :8000 [main.go:51]	
2023-06-25 17:45:52[36m [INFO] [0mä¸‹å‘StartChargeCmdReq[110101111MR]è‡³mq CanIndex:182 Type:ImmediatelyCharge BillCode:"202306251745520644" Strategy:<BeginTime:<Time:1687622400000 > EndTime:<Time:1687629600000 > kWhPrice:0.56 ServicePrice:0.62 > Strategy:<BeginTime:<Time:1687629600000 > EndTime:<Time:1687636800000 > kWhPrice:0.56 ServicePrice:0.62 > Strategy:<BeginTime:<Time:1687636800000 > EndTime:<Time:1687644000000 > kWhPrice:0.56 ServicePrice:0.62 > Strategy:<BeginTime:<Time:1687644000000 > EndTime:<Time:1687651200000 > kWhPrice:0.56 ServicePrice:0.62 > Strategy:<BeginTime:<Time:1687651200000 > EndTime:<Time:1687658400000 > kWhPrice:0.56 ServicePrice:0.62 > Strategy:<BeginTime:<Time:1687658400000 > EndTime:<Time:1687665600000 > kWhPrice:0.56 ServicePrice:0.62 > Strategy:<BeginTime:<Time:1687665600000 > EndTime:<Time:1687672800000 > kWhPrice:0.56 ServicePrice:0.62 > Strategy:<BeginTime:<Time:1687672800000 > EndTime:<Time:1687680000000 > kWhPrice:0.56 ServicePrice:0.62 > Strategy:<BeginTime:<Time:1687680000000 > EndTime:<Time:1687687200000 > kWhPrice:0.56 ServicePrice:0.62 > Strategy:<BeginTime:<Time:1687687200000 > EndTime:<Time:1687694400000 > kWhPrice:0.56 ServicePrice:0.62 > Strategy:<BeginTime:<Time:1687694400000 > EndTime:<Time:1687701600000 > kWhPrice:0.56 ServicePrice:0.62 > Strategy:<BeginTime:<Time:1687701600000 > EndTime:<Time:1687708800000 > kWhPrice:0.56 ServicePrice:0.62 > StartWay:1  [send_start_chagre.go:32]	
2023-06-25 17:46:15[36m [INFO] [0mä¸‹å‘StartChargeCmdReq[110101111MR]è‡³mq CanIndex:182 Type:ImmediatelyCharge BillCode:"202306251746090360" Strategy:<BeginTime:<Time:1687622400000 > EndTime:<Time:1687629600000 > kWhPrice:0.76 ServicePrice:0.12 > Strategy:<BeginTime:<Time:1687629600000 > EndTime:<Time:1687636800000 > kWhPrice:0.76 ServicePrice:0.12 > Strategy:<BeginTime:<Time:1687636800000 > EndTime:<Time:1687644000000 > kWhPrice:0.76 ServicePrice:0.12 > Strategy:<BeginTime:<Time:1687644000000 > EndTime:<Time:1687651200000 > kWhPrice:0.76 ServicePrice:0.12 > Strategy:<BeginTime:<Time:1687651200000 > EndTime:<Time:1687658400000 > kWhPrice:0.76 ServicePrice:0.12 > Strategy:<BeginTime:<Time:1687658400000 > EndTime:<Time:1687665600000 > kWhPrice:0.76 ServicePrice:0.12 > Strategy:<BeginTime:<Time:1687665600000 > EndTime:<Time:1687672800000 > kWhPrice:0.76 ServicePrice:0.12 > Strategy:<BeginTime:<Time:1687672800000 > EndTime:<Time:1687680000000 > kWhPrice:0.76 ServicePrice:0.12 > Strategy:<BeginTime:<Time:1687680000000 > EndTime:<Time:1687687200000 > kWhPrice:0.76 ServicePrice:0.12 > Strategy:<BeginTime:<Time:1687687200000 > EndTime:<Time:1687694400000 > kWhPrice:0.76 ServicePrice:0.12 > Strategy:<BeginTime:<Time:1687694400000 > EndTime:<Time:1687701600000 > kWhPrice:0.76 ServicePrice:0.12 > Strategy:<BeginTime:<Time:1687701600000 > EndTime:<Time:1687708800000 > kWhPrice:0.76 ServicePrice:0.12 > StartWay:1  [send_start_chagre.go:32]	
2023-06-25 17:51:15[36m [INFO] [0må¼€å§‹åˆå§‹åŒ–rabbitmq [rabbitmq.go:22]	
2023-06-25 17:51:20[36m [INFO] [0måˆå§‹åŒ–rabbitmqæˆåŠŸ [rabbitmq.go:29]	
2023-06-25 17:51:20[36m [INFO] [0m[info] start http server listening :8000 [main.go:51]	
2023-06-25 17:53:29[31m [ERRO] [0må‘é€å¯åŠ¨æŒ‡ä»¤åˆ°mqå¤±è´¥, å‘é€æ¶ˆæ¯è‡³mqå¤±è´¥, err: Exception (504) Reason: "channel/connection is not open" [charge_ctrl_service.go:62]	
2023-06-25 17:54:05[36m [INFO] [0må¼€å§‹åˆå§‹åŒ–rabbitmq [rabbitmq.go:22]	
2023-06-25 17:54:06[36m [INFO] [0måˆå§‹åŒ–rabbitmqæˆåŠŸ [rabbitmq.go:29]	
2023-06-25 17:54:06[36m [INFO] [0m[info] start http server listening :8000 [main.go:51]	
2023-06-25 17:55:24[31m [ERRO] [0må‘é€å¯åŠ¨æŒ‡ä»¤åˆ°mqå¤±è´¥, å‘é€æ¶ˆæ¯è‡³mqå¤±è´¥, err: Exception (504) Reason: "channel/connection is not open" [charge_ctrl_service.go:62]	
2023-06-25 17:55:25[36m [INFO] [0må¼€å§‹åˆå§‹åŒ–rabbitmq [rabbitmq.go:22]	
2023-06-25 17:55:26[36m [INFO] [0måˆå§‹åŒ–rabbitmqæˆåŠŸ [rabbitmq.go:29]	
2023-06-25 17:55:26[36m [INFO] [0m[info] start http server listening :8000 [main.go:51]	
2023-06-25 17:55:38[36m [INFO] [0mä¸‹å‘StartChargeCmdReq[110101111MR]è‡³mq CanIndex:182 Type:ImmediatelyCharge BillCode:"202306251755380455" Strategy:<BeginTime:<Time:1687622400000 > EndTime:<Time:1687629600000 > kWhPrice:0.33 ServicePrice:0.34 > Strategy:<BeginTime:<Time:1687629600000 > EndTime:<Time:1687636800000 > kWhPrice:0.33 ServicePrice:0.34 > Strategy:<BeginTime:<Time:1687636800000 > EndTime:<Time:1687644000000 > kWhPrice:0.33 ServicePrice:0.34 > Strategy:<BeginTime:<Time:1687644000000 > EndTime:<Time:1687651200000 > kWhPrice:0.33 ServicePrice:0.34 > Strategy:<BeginTime:<Time:1687651200000 > EndTime:<Time:1687658400000 > kWhPrice:0.33 ServicePrice:0.34 > Strategy:<BeginTime:<Time:1687658400000 > EndTime:<Time:1687665600000 > kWhPrice:0.33 ServicePrice:0.34 > Strategy:<BeginTime:<Time:1687665600000 > EndTime:<Time:1687672800000 > kWhPrice:0.33 ServicePrice:0.34 > Strategy:<BeginTime:<Time:1687672800000 > EndTime:<Time:1687680000000 > kWhPrice:0.33 ServicePrice:0.34 > Strategy:<BeginTime:<Time:1687680000000 > EndTime:<Time:1687687200000 > kWhPrice:0.33 ServicePrice:0.34 > Strategy:<BeginTime:<Time:1687687200000 > EndTime:<Time:1687694400000 > kWhPrice:0.33 ServicePrice:0.34 > Strategy:<BeginTime:<Time:1687694400000 > EndTime:<Time:1687701600000 > kWhPrice:0.33 ServicePrice:0.34 > Strategy:<BeginTime:<Time:1687701600000 > EndTime:<Time:1687708800000 > kWhPrice:0.33 ServicePrice:0.34 > StartWay:1  [send_start_chagre.go:32]	
2023-06-25 17:56:53[36m [INFO] [0må¼€å§‹åˆå§‹åŒ–rabbitmq [rabbitmq.go:22]	
2023-06-25 17:56:53[36m [INFO] [0måˆå§‹åŒ–rabbitmqæˆåŠŸ [rabbitmq.go:29]	
2023-06-25 17:56:53[36m [INFO] [0m[info] start http server listening :8000 [main.go:51]	
2023-06-25 17:57:01[36m [INFO] [0mä¸‹å‘StartChargeCmdReq[110101111MR]è‡³mq CanIndex:182 Type:ImmediatelyCharge BillCode:"202306251756570423" Strategy:<BeginTime:<Time:1687622400000 > EndTime:<Time:1687629600000 > kWhPrice:0.33 ServicePrice:0.34 > Strategy:<BeginTime:<Time:1687629600000 > EndTime:<Time:1687636800000 > kWhPrice:0.33 ServicePrice:0.34 > Strategy:<BeginTime:<Time:1687636800000 > EndTime:<Time:1687644000000 > kWhPrice:0.33 ServicePrice:0.34 > Strategy:<BeginTime:<Time:1687644000000 > EndTime:<Time:1687651200000 > kWhPrice:0.33 ServicePrice:0.34 > Strategy:<BeginTime:<Time:1687651200000 > EndTime:<Time:1687658400000 > kWhPrice:0.33 ServicePrice:0.34 > Strategy:<BeginTime:<Time:1687658400000 > EndTime:<Time:1687665600000 > kWhPrice:0.33 ServicePrice:0.34 > Strategy:<BeginTime:<Time:1687665600000 > EndTime:<Time:1687672800000 > kWhPrice:0.33 ServicePrice:0.34 > Strategy:<BeginTime:<Time:1687672800000 > EndTime:<Time:1687680000000 > kWhPrice:0.33 ServicePrice:0.34 > Strategy:<BeginTime:<Time:1687680000000 > EndTime:<Time:1687687200000 > kWhPrice:0.33 ServicePrice:0.34 > Strategy:<BeginTime:<Time:1687687200000 > EndTime:<Time:1687694400000 > kWhPrice:0.33 ServicePrice:0.34 > Strategy:<BeginTime:<Time:1687694400000 > EndTime:<Time:1687701600000 > kWhPrice:0.33 ServicePrice:0.34 > Strategy:<BeginTime:<Time:1687701600000 > EndTime:<Time:1687708800000 > kWhPrice:0.33 ServicePrice:0.34 > StartWay:1  [send_start_chagre.go:32]	
2023-06-25 17:58:37[31m [ERRO] [0må‘é€å¯åŠ¨æŒ‡ä»¤åˆ°mqå¤±è´¥, å‘é€æ¶ˆæ¯è‡³mqå¤±è´¥, err: Exception (504) Reason: "channel/connection is not open" [charge_ctrl_service.go:62]	
2023-06-25 18:03:33[31m [ERRO] [0må‘é€å¯åŠ¨æŒ‡ä»¤åˆ°mqå¤±è´¥, å‘é€æ¶ˆæ¯è‡³mqå¤±è´¥, err: Exception (504) Reason: "channel/connection is not open" [charge_ctrl_service.go:62]	
2023-06-25 18:03:37[36m [INFO] [0må¼€å§‹åˆå§‹åŒ–rabbitmq [rabbitmq.go:22]	
2023-06-25 18:03:37[36m [INFO] [0måˆå§‹åŒ–rabbitmqæˆåŠŸ [rabbitmq.go:29]	
2023-06-25 18:03:37[36m [INFO] [0m[info] start http server listening :8000 [main.go:51]	
2023-06-25 18:04:17[31m [ERRO] [0må‘é€å¯åŠ¨æŒ‡ä»¤åˆ°mqå¤±è´¥, å‘é€æ¶ˆæ¯è‡³mqå¤±è´¥, err: Exception (504) Reason: "channel/connection is not open" [charge_ctrl_service.go:62]	
2023-06-25 18:04:20[36m [INFO] [0må¼€å§‹åˆå§‹åŒ–rabbitmq [rabbitmq.go:22]	
2023-06-25 18:04:20[36m [INFO] [0måˆå§‹åŒ–rabbitmqæˆåŠŸ [rabbitmq.go:29]	
2023-06-25 18:04:20[36m [INFO] [0m[info] start http server listening :8000 [main.go:51]	
2023-06-25 18:04:29[36m [INFO] [0mä¸‹å‘StartChargeCmdReq[110101111MR]è‡³mq CanIndex:182 Type:ImmediatelyCharge BillCode:"202306251804290789" Strategy:<BeginTime:<Time:1687622400000 > EndTime:<Time:1687629600000 > kWhPrice:0.23 ServicePrice:0.22 > Strategy:<BeginTime:<Time:1687629600000 > EndTime:<Time:1687636800000 > kWhPrice:0.56 ServicePrice:0.62 > Strategy:<BeginTime:<Time:1687636800000 > EndTime:<Time:1687644000000 > kWhPrice:0.56 ServicePrice:0.62 > Strategy:<BeginTime:<Time:1687644000000 > EndTime:<Time:1687651200000 > kWhPrice:0.33 ServicePrice:0.34 > Strategy:<BeginTime:<Time:1687651200000 > EndTime:<Time:1687658400000 > kWhPrice:0.23 ServicePrice:0.22 > Strategy:<BeginTime:<Time:1687658400000 > EndTime:<Time:1687665600000 > kWhPrice:0.76 ServicePrice:0.12 > Strategy:<BeginTime:<Time:1687665600000 > EndTime:<Time:1687672800000 > kWhPrice:0.56 ServicePrice:0.62 > Strategy:<BeginTime:<Time:1687672800000 > EndTime:<Time:1687680000000 > kWhPrice:0.56 ServicePrice:0.62 > Strategy:<BeginTime:<Time:1687680000000 > EndTime:<Time:1687687200000 > kWhPrice:0.76 ServicePrice:0.12 > Strategy:<BeginTime:<Time:1687687200000 > EndTime:<Time:1687694400000 > kWhPrice:0.56 ServicePrice:0.62 > Strategy:<BeginTime:<Time:1687694400000 > EndTime:<Time:1687701600000 > kWhPrice:0.56 ServicePrice:0.62 > Strategy:<BeginTime:<Time:1687701600000 > EndTime:<Time:1687708800000 > kWhPrice:0.33 ServicePrice:0.34 > StartWay:1  [send_start_chagre.go:32]	
2023-06-26 09:15:09[36m [INFO] [0må¼€å§‹åˆå§‹åŒ–rabbitmq [rabbitmq.go:22]	
2023-06-26 09:15:09[36m [INFO] [0måˆå§‹åŒ–rabbitmqæˆåŠŸ [rabbitmq.go:29]	
2023-06-26 09:15:09[36m [INFO] [0m[info] start http server listening :8000 [main.go:51]	
2023-06-26 09:15:51[36m [INFO] [0mä¸‹å‘StartChargeCmdReq[11010111181]è‡³mq CanIndex:182 Type:ImmediatelyCharge BillCode:"202306260915510666" Strategy:<BeginTime:<Time:1687708800000 > EndTime:<Time:1687716000000 > kWhPrice:0.76 ServicePrice:0.12 > Strategy:<BeginTime:<Time:1687716000000 > EndTime:<Time:1687723200000 > kWhPrice:0.23 ServicePrice:0.22 > Strategy:<BeginTime:<Time:1687723200000 > EndTime:<Time:1687730400000 > kWhPrice:0.56 ServicePrice:0.62 > Strategy:<BeginTime:<Time:1687730400000 > EndTime:<Time:1687737600000 > kWhPrice:0.76 ServicePrice:0.12 > Strategy:<BeginTime:<Time:1687737600000 > EndTime:<Time:1687744800000 > kWhPrice:0.33 ServicePrice:0.34 > Strategy:<BeginTime:<Time:1687744800000 > EndTime:<Time:1687752000000 > kWhPrice:0.56 ServicePrice:0.62 > Strategy:<BeginTime:<Time:1687752000000 > EndTime:<Time:1687759200000 > kWhPrice:0.23 ServicePrice:0.22 > Strategy:<BeginTime:<Time:1687759200000 > EndTime:<Time:1687766400000 > kWhPrice:0.56 ServicePrice:0.62 > Strategy:<BeginTime:<Time:1687766400000 > EndTime:<Time:1687773600000 > kWhPrice:0.56 ServicePrice:0.62 > Strategy:<BeginTime:<Time:1687773600000 > EndTime:<Time:1687780800000 > kWhPrice:0.23 ServicePrice:0.22 > Strategy:<BeginTime:<Time:1687780800000 > EndTime:<Time:1687788000000 > kWhPrice:0.56 ServicePrice:0.62 > Strategy:<BeginTime:<Time:1687788000000 > EndTime:<Time:1687795200000 > kWhPrice:0.33 ServicePrice:0.34 > StartWay:1  [send_start_chagre.go:32]	
2023-06-26 09:16:05[36m [INFO] [0mstopChargeCmdReq CanIndex:182 ChargeType:StopChargeType  [send_stop_chagre.go:30]	
